<?xml version="1.0" encoding="UTF-8"?>
<testng-results skipped="0" failed="0" ignored="0" total="1" passed="1">
  <reporter-output>
  </reporter-output>
  <suite name="Suite1" duration-ms="32628" started-at="2017-05-15T11:14:35Z" finished-at="2017-05-15T11:15:08Z">
    <groups>
    </groups>
    <test name="Onliner" duration-ms="32628" started-at="2017-05-15T11:14:35Z" finished-at="2017-05-15T11:15:08Z">
      <class name="steam.tests.SteamTest">
        <test-method status="PASS" signature="setUp()[pri:0, instance:steam.tests.SteamTest@604ed9f0]" name="setUp" is-config="true" duration-ms="5" started-at="2017-05-15T14:14:35Z" finished-at="2017-05-15T14:14:35Z">
          <reporter-output>
          </reporter-output>
        </test-method> <!-- setUp -->
        <test-method status="PASS" signature="shouldWork()[pri:0, instance:steam.tests.SteamTest@604ed9f0]" name="shouldWork" duration-ms="32608" started-at="2017-05-15T14:14:35Z" finished-at="2017-05-15T14:15:08Z">
          <reporter-output>
          </reporter-output>
        </test-method> <!-- shouldWork -->
      </class> <!-- steam.tests.SteamTest -->
    </test> <!-- Onliner -->
  </suite> <!-- Suite1 -->
</testng-results>
